<?xml version="1.0" encoding="UTF-8"?>
<!-- Generated by org.testng.reporters.JUnitReportReporter -->
<testsuite hostname="Naveen" failures="0" tests="1" name="testcases.TS_1" time="5.611" errors="0" timestamp="2024-04-23T07:41:09 IST" skipped="0">
  <testcase classname="testcases.TS_1" name="sareerec" time="5.611"/>
</testsuite> <!-- testcases.TS_1 -->
